<?xml version="1.0" encoding="UTF-8"?>
<testng-results skipped="0" failed="0" ignored="0" total="1" passed="1">
  <reporter-output>
  </reporter-output>
  <suite name="Default suite" duration-ms="10477" started-at="2019-05-23T05:10:41Z" finished-at="2019-05-23T05:10:51Z">
    <groups>
    </groups>
    <test name="Default test" duration-ms="10477" started-at="2019-05-23T05:10:41Z" finished-at="2019-05-23T05:10:51Z">
      <class name="Demo1">
        <test-method status="PASS" signature="m1()[pri:0, instance:Demo1@643b1d11]" name="m1" duration-ms="10445" started-at="2019-05-23T05:10:41Z" finished-at="2019-05-23T05:10:51Z">
          <reporter-output>
          </reporter-output>
        </test-method> <!-- m1 -->
      </class> <!-- Demo1 -->
    </test> <!-- Default test -->
  </suite> <!-- Default suite -->
</testng-results>
